timestamp: 2025-11-28T00:39:35.817256
CREATE TABLE "contratos"(
    "id" INTEGER PRIMARY KEY AUTOINCREMENT,
    "nombre_entidad" CHAR(512),
    "nit_entidad" CHAR(512),
    "departamento" CHAR(512),
    "ciudad" CHAR(512),
    "localizacion" CHAR(512),
    "orden" CHAR(512),
    "sector" CHAR(512),
    "rama" CHAR(512),
    "entidad_centralizada" CHAR(512),
    "proceso_compra" CHAR(512),
    "id_contrato" CHAR(512),
    "referencia_contrato" CHAR(512),
    "estado_contrato" CHAR(512),
    "codigo_categoria_principal" CHAR(512),
    "descripcion_proceso" TEXT,
    "tipo_contrato" CHAR(512),
    "modalidad_contratacion" CHAR(512),
    "justificacion_modalidad" CHAR(512),
    "fecha_firma" TIMESTAMP,
    "fecha_inicio" TIMESTAMP,
    "fecha_fin" TIMESTAMP,
    "condiciones_entrega" CHAR(512),
    "tipo_doc_proveedor" CHAR(512),
    "documento_proveedor" CHAR(512),
    "proveedor_adjudicado" CHAR(512),
    "es_grupo" CHAR(512),
    "es_pyme" CHAR(512),
    "habilita_pago_adelantado" CHAR(512),
    "liquidacion" CHAR(512),
    "obligacion_ambiental" CHAR(512),
    "obligaciones_postconsumo" CHAR(512),
    "reversion" CHAR(512),
    "origen_recursos" CHAR(512),
    "destino_gasto" CHAR(512),
    "valor_contrato" DOUBLE,
    "valor_pago_adelantado" DOUBLE,
    "valor_facturado" DOUBLE,
    "valor_pendiente_pago" DOUBLE,
    "valor_pagado" DOUBLE,
    "valor_amortizado" DOUBLE,
    "valor_pendiente_amortizacion" DOUBLE,
    "valor_pendiente_ejecucion" DOUBLE,
    "estado_bpin" CHAR(512),
    "codigo_bpin" CHAR(512),
    "anno_bpin" CHAR(512),
    "saldo_cdp" DOUBLE,
    "saldo_vigencia" DOUBLE,
    "es_postconflicto" CHAR(512),
    "dias_adicionados" INTEGER,
    "puntos_acuerdo" CHAR(512),
    "pilares_acuerdo" CHAR(512),
    "url_proceso" CHAR(512),
    "nombre_representante_legal" CHAR(512),
    "nacionalidad_representante_legal" CHAR(512),
    "domicilio_representante_legal" CHAR(512),
    "tipo_identificacion_representante_legal" CHAR(512),
    "identificacion_representante_legal" CHAR(512),
    "genero_representante_legal" CHAR(512),
    "presupuesto_pgn" DOUBLE,
    "sistema_participaciones" DOUBLE,
    "sistema_regalias" DOUBLE,
    "recursos_propios_alcaldias" DOUBLE,
    "recursos_credito" DOUBLE,
    "recursos_propios" DOUBLE,
    "ultima_actualizacion" TIMESTAMP,
    "codigo_entidad" CHAR(512),
    "codigo_proveedor" CHAR(512),
    "fecha_inicio_liquidacion" TIMESTAMP,
    "fecha_fin_liquidacion" TIMESTAMP,
    "objeto_contrato" TEXT,
    "duracion_contrato" CHAR(512),
    "nombre_banco" CHAR(512),
    "tipo_cuenta" CHAR(512),
    "numero_cuenta" CHAR(512),
    "puede_prorrogarse" CHAR(512),
    "nombre_ordenador_gasto" CHAR(512),
    "tipo_doc_ordenador_gasto" CHAR(512),
    "num_doc_ordenador_gasto" CHAR(512),
    "nombre_supervisor" CHAR(512),
    "tipo_doc_supervisor" CHAR(512),
    "num_doc_supervisor" CHAR(512),
    "nombre_ordenador_pago" CHAR(512),
    "tipo_doc_ordenador_pago" CHAR(512),
    "num_doc_ordenador_pago" CHAR(512)
);
success!
timestamp: 2025-11-28T00:39:35.822315
CREATE TABLE "adiciones"(
    "id" INTEGER PRIMARY KEY AUTOINCREMENT,
    "id_adicion" CHAR(512) UNIQUE,
    "id_contrato" CHAR(512),
    "tipo_modificacion" CHAR(512),
    "descripcion" TEXT,
    "fecha_registro" TIMESTAMP
);
success!
timestamp: 2025-11-28T00:39:35.827019
CREATE TABLE "ejecuciones"(
    "id" INTEGER PRIMARY KEY AUTOINCREMENT,
    "id_contrato" CHAR(512),
    "tipo_ejecucion" CHAR(512),
    "nombre_plan" CHAR(512),
    "fecha_entrega_esperada" TIMESTAMP,
    "porcentaje_avance_esperado" DOUBLE,
    "fecha_entrega_real" TIMESTAMP,
    "porcentaje_avance_real" DOUBLE,
    "estado_contrato" CHAR(512),
    "referencia_articulos" CHAR(512),
    "descripcion" TEXT,
    "unidad" CHAR(512),
    "cantidad_adjudicada" DOUBLE,
    "cantidad_planeada" DOUBLE,
    "cantidad_recibida" DOUBLE,
    "cantidad_por_recibir" DOUBLE,
    "fecha_creacion" TIMESTAMP
);
success!
timestamp: 2025-11-28T00:39:35.831292
CREATE TABLE "entidades"(
    "id" INTEGER PRIMARY KEY AUTOINCREMENT,
    "nit_entidad" CHAR(512) NOT NULL UNIQUE,
    "nombre_entidad" CHAR(512),
    "departamento" CHAR(512),
    "ciudad" CHAR(512),
    "orden" CHAR(512),
    "sector" CHAR(512),
    "rama" CHAR(512),
    "entidad_centralizada" CHAR(512)
);
success!
timestamp: 2025-11-28T00:39:35.835268
CREATE TABLE "proveedoresypersonas"(
    "id" INTEGER PRIMARY KEY AUTOINCREMENT,
    "documento" CHAR(512) NOT NULL UNIQUE,
    "nombre" CHAR(512),
    "es_grupo" CHAR(512),
    "es_pyme" CHAR(512),
    "tipo" CHAR(512)
);
success!
timestamp: 2025-11-28T00:39:35.839958
CREATE TABLE "sancionados"(
    "id" INTEGER PRIMARY KEY AUTOINCREMENT,
    "documento" CHAR(512) NOT NULL,
    "tipo_inhabilitacion" CHAR(512),
    "primer_nombre" CHAR(512),
    "segundo_nombre" CHAR(512),
    "primer_apellido" CHAR(512),
    "segundo_apellido" CHAR(512),
    "nombre_completo" CHAR(512),
    "sancion" TEXT,
    "fecha_efectos_juridicos" DATE,
    "numero_resolucion" CHAR(512),
    "origen" CHAR(512)
);
success!
